<?xml version="1.0" encoding="UTF-8"?>
<!-- Generated by org.testng.reporters.JUnitReportReporter -->
<testsuite skipped="1" hostname="DRBSURYAKANTH" name="nativeapptesting.TestingNativeApp" tests="2" failures="0" timestamp="2022-08-23T12:11:52 IST" time="6.488" errors="0">
  <testcase name="test2" time="6.488" classname="nativeapptesting.TestingNativeApp"/>
  <system-out/>
  <testcase name="AT" classname="nativeapptesting.TestingNativeApp">
    <skipped/>
  </testcase> <!-- AT -->
  <system-out/>
</testsuite> <!-- nativeapptesting.TestingNativeApp -->
